# JRE version: Java(TM) SE Runtime Environment (8.0_251-b08) (build 1.8.0_251-b08)
# Java VM: Java HotSpot(TM) 64-Bit Server VM (25.251-b08 mixed mode windows-amd64 compressed oops)
Heap:
 PSYoungGen      total 96256K, used 38794K [0x000000076e380000, 0x0000000775780000, 0x00000007c0000000)
  eden space 76800K, 33% used [0x000000076e380000,0x000000076fce9ad8,0x0000000772e80000)
  from space 19456K, 65% used [0x0000000774480000,0x00000007750f9090,0x0000000775780000)
  to   space 20992K, 0% used [0x0000000772e80000,0x0000000772e80000,0x0000000774300000)
 ParOldGen       total 145920K, used 39552K [0x00000006caa00000, 0x00000006d3880000, 0x000000076e380000)
  object space 145920K, 27% used [0x00000006caa00000,0x00000006cd0a02e8,0x00000006d3880000)
 Metaspace       used 26134K, capacity 26950K, committed 27136K, reserved 1073152K
  class space    used 3029K, capacity 3232K, committed 3328K, reserved 1048576K
GC Heap History (10 events):
Event: 4.460 GC heap before
{Heap before GC invocations=7 (full 0):
 PSYoungGen      total 73728K, used 73704K [0x000000076e380000, 0x0000000773580000, 0x00000007c0000000)
  eden space 63488K, 100% used [0x000000076e380000,0x0000000772180000,0x0000000772180000)
  from space 10240K, 99% used [0x0000000772b80000,0x000000077357a040,0x0000000773580000)
  to   space 10240K, 0% used [0x0000000772180000,0x0000000772180000,0x0000000772b80000)
 ParOldGen       total 167936K, used 22400K [0x00000006caa00000, 0x00000006d4e00000, 0x000000076e380000)
  object space 167936K, 13% used [0x00000006caa00000,0x00000006cbfe0010,0x00000006d4e00000)
 Metaspace       used 19696K, capacity 20438K, committed 20736K, reserved 1067008K
  class space    used 2243K, capacity 2449K, committed 2560K, reserved 1048576K
Event: 4.470 GC heap after
Heap after GC invocations=7 (full 0):
 PSYoungGen      total 73728K, used 10208K [0x000000076e380000, 0x0000000773580000, 0x00000007c0000000)
  eden space 63488K, 0% used [0x000000076e380000,0x000000076e380000,0x0000000772180000)
  from space 10240K, 99% used [0x0000000772180000,0x0000000772b78020,0x0000000772b80000)
  to   space 10240K, 0% used [0x0000000772b80000,0x0000000772b80000,0x0000000773580000)
 ParOldGen       total 167936K, used 29118K [0x00000006caa00000, 0x00000006d4e00000, 0x000000076e380000)
  object space 167936K, 17% used [0x00000006caa00000,0x00000006cc66f8a8,0x00000006d4e00000)
 Metaspace       used 19696K, capacity 20438K, committed 20736K, reserved 1067008K
  class space    used 2243K, capacity 2449K, committed 2560K, reserved 1048576K
}
Event: 4.668 GC heap before
{Heap before GC invocations=8 (full 0):
 PSYoungGen      total 73728K, used 27699K [0x000000076e380000, 0x0000000773580000, 0x00000007c0000000)
  eden space 63488K, 27% used [0x000000076e380000,0x000000076f494db8,0x0000000772180000)
  from space 10240K, 99% used [0x0000000772180000,0x0000000772b78020,0x0000000772b80000)
  to   space 10240K, 0% used [0x0000000772b80000,0x0000000772b80000,0x0000000773580000)
 ParOldGen       total 167936K, used 29118K [0x00000006caa00000, 0x00000006d4e00000, 0x000000076e380000)
  object space 167936K, 17% used [0x00000006caa00000,0x00000006cc66f8a8,0x00000006d4e00000)
 Metaspace       used 20556K, capacity 21194K, committed 21248K, reserved 1069056K
  class space    used 2362K, capacity 2553K, committed 2560K, reserved 1048576K
Event: 4.673 GC heap after
Heap after GC invocations=8 (full 0):
 PSYoungGen      total 73728K, used 4997K [0x000000076e380000, 0x0000000773580000, 0x00000007c0000000)
  eden space 63488K, 0% used [0x000000076e380000,0x000000076e380000,0x0000000772180000)
  from space 10240K, 48% used [0x0000000772b80000,0x00000007730614f8,0x0000000773580000)
  to   space 10240K, 0% used [0x0000000772180000,0x0000000772180000,0x0000000772b80000)
 ParOldGen       total 167936K, used 34159K [0x00000006caa00000, 0x00000006d4e00000, 0x000000076e380000)
  object space 167936K, 20% used [0x00000006caa00000,0x00000006ccb5bea0,0x00000006d4e00000)
 Metaspace       used 20556K, capacity 21194K, committed 21248K, reserved 1069056K
  class space    used 2362K, capacity 2553K, committed 2560K, reserved 1048576K
}
Event: 4.673 GC heap before
{Heap before GC invocations=9 (full 1):
 PSYoungGen      total 73728K, used 4997K [0x000000076e380000, 0x0000000773580000, 0x00000007c0000000)
  eden space 63488K, 0% used [0x000000076e380000,0x000000076e380000,0x0000000772180000)
  from space 10240K, 48% used [0x0000000772b80000,0x00000007730614f8,0x0000000773580000)
  to   space 10240K, 0% used [0x0000000772180000,0x0000000772180000,0x0000000772b80000)
 ParOldGen       total 167936K, used 34159K [0x00000006caa00000, 0x00000006d4e00000, 0x000000076e380000)
  object space 167936K, 20% used [0x00000006caa00000,0x00000006ccb5bea0,0x00000006d4e00000)
 Metaspace       used 20556K, capacity 21194K, committed 21248K, reserved 1069056K
  class space    used 2362K, capacity 2553K, committed 2560K, reserved 1048576K
Event: 4.816 GC heap after
Heap after GC invocations=9 (full 1):
 PSYoungGen      total 73728K, used 0K [0x000000076e380000, 0x0000000773580000, 0x00000007c0000000)
  eden space 63488K, 0% used [0x000000076e380000,0x000000076e380000,0x0000000772180000)
  from space 10240K, 0% used [0x0000000772b80000,0x0000000772b80000,0x0000000773580000)
  to   space 10240K, 0% used [0x0000000772180000,0x0000000772180000,0x0000000772b80000)
 ParOldGen       total 145920K, used 34579K [0x00000006caa00000, 0x00000006d3880000, 0x000000076e380000)
  object space 145920K, 23% used [0x00000006caa00000,0x00000006ccbc4c30,0x00000006d3880000)
 Metaspace       used 20556K, capacity 21194K, committed 21248K, reserved 1069056K
  class space    used 2362K, capacity 2553K, committed 2560K, reserved 1048576K
}
Event: 5.691 GC heap before
{Heap before GC invocations=10 (full 1):
 PSYoungGen      total 73728K, used 63488K [0x000000076e380000, 0x0000000773580000, 0x00000007c0000000)
  eden space 63488K, 100% used [0x000000076e380000,0x0000000772180000,0x0000000772180000)
  from space 10240K, 0% used [0x0000000772b80000,0x0000000772b80000,0x0000000773580000)
  to   space 10240K, 0% used [0x0000000772180000,0x0000000772180000,0x0000000772b80000)
 ParOldGen       total 145920K, used 34579K [0x00000006caa00000, 0x00000006d3880000, 0x000000076e380000)
  object space 145920K, 23% used [0x00000006caa00000,0x00000006ccbc4c30,0x00000006d3880000)
 Metaspace       used 24452K, capacity 25216K, committed 25344K, reserved 1071104K
  class space    used 2832K, capacity 3039K, committed 3072K, reserved 1048576K
Event: 5.698 GC heap after
Heap after GC invocations=10 (full 1):
 PSYoungGen      total 73728K, used 10231K [0x000000076e380000, 0x0000000775a00000, 0x00000007c0000000)
  eden space 63488K, 0% used [0x000000076e380000,0x000000076e380000,0x0000000772180000)
  from space 10240K, 99% used [0x0000000772180000,0x0000000772b7df68,0x0000000772b80000)
  to   space 22016K, 0% used [0x0000000774480000,0x0000000774480000,0x0000000775a00000)
 ParOldGen       total 145920K, used 39544K [0x00000006caa00000, 0x00000006d3880000, 0x000000076e380000)
  object space 145920K, 27% used [0x00000006caa00000,0x00000006cd09e2e8,0x00000006d3880000)
 Metaspace       used 24452K, capacity 25216K, committed 25344K, reserved 1071104K
  class space    used 2832K, capacity 3039K, committed 3072K, reserved 1048576K
}
Event: 6.198 GC heap before
{Heap before GC invocations=11 (full 1):
 PSYoungGen      total 73728K, used 73719K [0x000000076e380000, 0x0000000775a00000, 0x00000007c0000000)
  eden space 63488K, 100% used [0x000000076e380000,0x0000000772180000,0x0000000772180000)
  from space 10240K, 99% used [0x0000000772180000,0x0000000772b7df68,0x0000000772b80000)
  to   space 22016K, 0% used [0x0000000774480000,0x0000000774480000,0x0000000775a00000)
 ParOldGen       total 145920K, used 39544K [0x00000006caa00000, 0x00000006d3880000, 0x000000076e380000)
  object space 145920K, 27% used [0x00000006caa00000,0x00000006cd09e2e8,0x00000006d3880000)
 Metaspace       used 26041K, capacity 26878K, committed 27136K, reserved 1073152K
  class space    used 3027K, capacity 3229K, committed 3328K, reserved 1048576K
Event: 6.204 GC heap after
Heap after GC invocations=11 (full 1):
 PSYoungGen      total 96256K, used 12772K [0x000000076e380000, 0x0000000775780000, 0x00000007c0000000)
  eden space 76800K, 0% used [0x000000076e380000,0x000000076e380000,0x0000000772e80000)
  from space 19456K, 65% used [0x0000000774480000,0x00000007750f9090,0x0000000775780000)
  to   space 20992K, 0% used [0x0000000772e80000,0x0000000772e80000,0x0000000774300000)
 ParOldGen       total 145920K, used 39552K [0x00000006caa00000, 0x00000006d3880000, 0x000000076e380000)
  object space 145920K, 27% used [0x00000006caa00000,0x00000006cd0a02e8,0x00000006d3880000)
 Metaspace       used 26041K, capacity 26878K, committed 27136K, reserved 1073152K
  class space    used 3027K, capacity 3229K, committed 3328K, reserved 1048576K
}

